<?xml version="1.0" encoding="UTF-8"?>
<!-- Generated by org.testng.reporters.JUnitReportReporter -->
<testsuite hostname="DESKTOP-3SDKRG4" failures="0" tests="1" name="Cucumberoption.TestNGRunner" time="36.007" errors="0" timestamp="2024-04-26T18:08:05 IST" skipped="0">
  <testcase classname="Cucumberoption.TestNGRunner" name="runScenario" time="36.007"/>
</testsuite> <!-- Cucumberoption.TestNGRunner -->
